  OpenGLMeshLoader19.cpp
C:\Users\Ahmed Khaled\Desktop\Graphics\Graphics Project\Ferrari Simulator\TextureBuilder.h(27,52): warning C4244: 'argument': conversion from 'int' to 'GLfloat', possible loss of data
C:\Users\Ahmed Khaled\Desktop\Graphics\Graphics Project\Ferrari Simulator\TextureBuilder.h(28,52): warning C4244: 'argument': conversion from 'int' to 'GLfloat', possible loss of data
C:\Users\Ahmed Khaled\Desktop\Graphics\Graphics Project\Ferrari Simulator\OpenGLMeshLoader19.cpp(454,25): warning C4554: '&': check operator precedence for possible error; use parentheses to clarify precedence
C:\Users\Ahmed Khaled\Desktop\Graphics\Graphics Project\Ferrari Simulator\OpenGLMeshLoader19.cpp(682,6): warning C4554: '&': check operator precedence for possible error; use parentheses to clarify precedence
C:\Users\Ahmed Khaled\Desktop\Graphics\Graphics Project\Ferrari Simulator\OpenGLMeshLoader19.cpp(694,6): warning C4554: '&': check operator precedence for possible error; use parentheses to clarify precedence
C:\Users\Ahmed Khaled\Desktop\Graphics\Graphics Project\Ferrari Simulator\OpenGLMeshLoader19.cpp(734,8): warning C4554: '&': check operator precedence for possible error; use parentheses to clarify precedence
C:\Users\Ahmed Khaled\Desktop\Graphics\Graphics Project\Ferrari Simulator\OpenGLMeshLoader19.cpp(759,8): warning C4554: '&': check operator precedence for possible error; use parentheses to clarify precedence
C:\Users\Ahmed Khaled\Desktop\Graphics\Graphics Project\Ferrari Simulator\OpenGLMeshLoader19.cpp(807,32): warning C4554: '&': check operator precedence for possible error; use parentheses to clarify precedence
C:\Users\Ahmed Khaled\Desktop\Graphics\Graphics Project\Ferrari Simulator\OpenGLMeshLoader19.cpp(809,38): warning C4474: 'sprintf' : too many arguments passed for format string
C:\Users\Ahmed Khaled\Desktop\Graphics\Graphics Project\Ferrari Simulator\OpenGLMeshLoader19.cpp(809,38): message : placeholders and their parameters expect 0 variadic arguments, but 1 were provided
C:\Users\Ahmed Khaled\Desktop\Graphics\Graphics Project\Ferrari Simulator\OpenGLMeshLoader19.cpp(828,39): warning C4474: 'sprintf' : too many arguments passed for format string
C:\Users\Ahmed Khaled\Desktop\Graphics\Graphics Project\Ferrari Simulator\OpenGLMeshLoader19.cpp(828,39): message : placeholders and their parameters expect 0 variadic arguments, but 1 were provided
C:\Users\Ahmed Khaled\Desktop\Graphics\Graphics Project\Ferrari Simulator\OpenGLMeshLoader19.cpp(866,5): warning C4554: '&': check operator precedence for possible error; use parentheses to clarify precedence
C:\Users\Ahmed Khaled\Desktop\Graphics\Graphics Project\Ferrari Simulator\OpenGLMeshLoader19.cpp(866,44): warning C4554: '&': check operator precedence for possible error; use parentheses to clarify precedence
C:\Users\Ahmed Khaled\Desktop\Graphics\Graphics Project\Ferrari Simulator\OpenGLMeshLoader19.cpp(874,5): warning C4554: '&': check operator precedence for possible error; use parentheses to clarify precedence
C:\Users\Ahmed Khaled\Desktop\Graphics\Graphics Project\Ferrari Simulator\OpenGLMeshLoader19.cpp(874,39): warning C4554: '&': check operator precedence for possible error; use parentheses to clarify precedence
C:\Users\Ahmed Khaled\Desktop\Graphics\Graphics Project\Ferrari Simulator\OpenGLMeshLoader19.cpp(809,4): warning C4996: 'sprintf': This function or variable may be unsafe. Consider using sprintf_s instead. To disable deprecation, use _CRT_SECURE_NO_WARNINGS. See online help for details.
C:\Users\Ahmed Khaled\Desktop\Graphics\Graphics Project\Ferrari Simulator\OpenGLMeshLoader19.cpp(828,5): warning C4996: 'sprintf': This function or variable may be unsafe. Consider using sprintf_s instead. To disable deprecation, use _CRT_SECURE_NO_WARNINGS. See online help for details.
C:\Users\Ahmed Khaled\Desktop\Graphics\Graphics Project\Ferrari Simulator\OpenGLMeshLoader19.cpp(862,3): warning C4996: 'sprintf': This function or variable may be unsafe. Consider using sprintf_s instead. To disable deprecation, use _CRT_SECURE_NO_WARNINGS. See online help for details.
C:\Users\Ahmed Khaled\Desktop\Graphics\Graphics Project\Ferrari Simulator\OpenGLMeshLoader19.cpp(870,3): warning C4996: 'sprintf': This function or variable may be unsafe. Consider using sprintf_s instead. To disable deprecation, use _CRT_SECURE_NO_WARNINGS. See online help for details.
C:\Users\Ahmed Khaled\Desktop\Graphics\Graphics Project\Ferrari Simulator\OpenGLMeshLoader19.cpp(877,3): warning C4996: 'sprintf': This function or variable may be unsafe. Consider using sprintf_s instead. To disable deprecation, use _CRT_SECURE_NO_WARNINGS. See online help for details.
C:\Users\Ahmed Khaled\Desktop\Graphics\Graphics Project\Ferrari Simulator\OpenGLMeshLoader19.cpp(881,3): warning C4996: 'sprintf': This function or variable may be unsafe. Consider using sprintf_s instead. To disable deprecation, use _CRT_SECURE_NO_WARNINGS. See online help for details.
GLTexture.obj : warning LNK4075: ignoring '/EDITANDCONTINUE' due to '/INCREMENTAL:NO' specification
  OpenGLMeshLoader.vcxproj -> C:\Users\Ahmed Khaled\Desktop\Graphics\Graphics Project\Ferrari Simulator\Debug\OpenGLMeshLoader19.exe
